# JRE version: OpenJDK Runtime Environment (17.0.11) (build 17.0.11+0--11852314)
# Java VM: OpenJDK 64-Bit Server VM (17.0.11+0--11852314, mixed mode, tiered, compressed oops, compressed class ptrs, g1 gc, windows-amd64)
GC Precious Log:
 CPUs: 20 total, 20 available
 Memory: 16125M
 Large Page Support: Disabled
 NUMA Support: Disabled
 Compressed Oops: Enabled (32-bit)
 Heap Region Size: 1M
 Heap Min Capacity: 8M
 Heap Initial Capacity: 252M
 Heap Max Capacity: 2G
 Pre-touch: Disabled
 Parallel Workers: 15
 Concurrent Workers: 4
 Concurrent Refinement Workers: 15
 Periodic GC: Disabled
Heap:
 garbage-first heap   total 130048K, used 76867K [0x0000000080000000, 0x0000000100000000)
  region size 1024K, 4 young (4096K), 4 survivors (4096K)
 Metaspace       used 87180K, committed 87808K, reserved 1179648K
  class space    used 12035K, committed 12352K, reserved 1048576K
GC Heap History (20 events):
Event: 2.937 GC heap after
{Heap after GC invocations=27 (full 0):
 garbage-first heap   total 130048K, used 55081K [0x0000000080000000, 0x0000000100000000)
  region size 1024K, 2 young (2048K), 2 survivors (2048K)
 Metaspace       used 65514K, committed 66048K, reserved 1114112K
  class space    used 8669K, committed 8896K, reserved 1048576K
}
Event: 3.112 GC heap before
{Heap before GC invocations=27 (full 0):
 garbage-first heap   total 130048K, used 91945K [0x0000000080000000, 0x0000000100000000)
  region size 1024K, 38 young (38912K), 2 survivors (2048K)
 Metaspace       used 68352K, committed 68864K, reserved 1114112K
  class space    used 9047K, committed 9280K, reserved 1048576K
}
Event: 3.113 GC heap after
{Heap after GC invocations=28 (full 0):
 garbage-first heap   total 130048K, used 56993K [0x0000000080000000, 0x0000000100000000)
  region size 1024K, 4 young (4096K), 4 survivors (4096K)
 Metaspace       used 68352K, committed 68864K, reserved 1114112K
  class space    used 9047K, committed 9280K, reserved 1048576K
}
Event: 3.188 GC heap before
{Heap before GC invocations=28 (full 0):
 garbage-first heap   total 130048K, used 94881K [0x0000000080000000, 0x0000000100000000)
  region size 1024K, 41 young (41984K), 4 survivors (4096K)
 Metaspace       used 68620K, committed 69184K, reserved 1114112K
  class space    used 9093K, committed 9344K, reserved 1048576K
}
Event: 3.190 GC heap after
{Heap after GC invocations=29 (full 0):
 garbage-first heap   total 130048K, used 60569K [0x0000000080000000, 0x0000000100000000)
  region size 1024K, 6 young (6144K), 6 survivors (6144K)
 Metaspace       used 68620K, committed 69184K, reserved 1114112K
  class space    used 9093K, committed 9344K, reserved 1048576K
}
Event: 3.358 GC heap before
{Heap before GC invocations=29 (full 0):
 garbage-first heap   total 130048K, used 97433K [0x0000000080000000, 0x0000000100000000)
  region size 1024K, 42 young (43008K), 6 survivors (6144K)
 Metaspace       used 70812K, committed 71360K, reserved 1114112K
  class space    used 9389K, committed 9600K, reserved 1048576K
}
Event: 3.359 GC heap after
{Heap after GC invocations=30 (full 0):
 garbage-first heap   total 130048K, used 63710K [0x0000000080000000, 0x0000000100000000)
  region size 1024K, 6 young (6144K), 6 survivors (6144K)
 Metaspace       used 70812K, committed 71360K, reserved 1114112K
  class space    used 9389K, committed 9600K, reserved 1048576K
}
Event: 3.592 GC heap before
{Heap before GC invocations=30 (full 0):
 garbage-first heap   total 130048K, used 100574K [0x0000000080000000, 0x0000000100000000)
  region size 1024K, 42 young (43008K), 6 survivors (6144K)
 Metaspace       used 73791K, committed 74304K, reserved 1114112K
  class space    used 9995K, committed 10240K, reserved 1048576K
}
Event: 3.594 GC heap after
{Heap after GC invocations=31 (full 0):
 garbage-first heap   total 130048K, used 64004K [0x0000000080000000, 0x0000000100000000)
  region size 1024K, 2 young (2048K), 2 survivors (2048K)
 Metaspace       used 73791K, committed 74304K, reserved 1114112K
  class space    used 9995K, committed 10240K, reserved 1048576K
}
Event: 3.825 GC heap before
{Heap before GC invocations=31 (full 0):
 garbage-first heap   total 130048K, used 101892K [0x0000000080000000, 0x0000000100000000)
  region size 1024K, 39 young (39936K), 2 survivors (2048K)
 Metaspace       used 76984K, committed 77568K, reserved 1179648K
  class space    used 10451K, committed 10752K, reserved 1048576K
}
Event: 3.827 GC heap after
{Heap after GC invocations=32 (full 0):
 garbage-first heap   total 130048K, used 65761K [0x0000000080000000, 0x0000000100000000)
  region size 1024K, 4 young (4096K), 4 survivors (4096K)
 Metaspace       used 76984K, committed 77568K, reserved 1179648K
  class space    used 10451K, committed 10752K, reserved 1048576K
}
Event: 4.047 GC heap before
{Heap before GC invocations=33 (full 0):
 garbage-first heap   total 130048K, used 103649K [0x0000000080000000, 0x0000000100000000)
  region size 1024K, 41 young (41984K), 4 survivors (4096K)
 Metaspace       used 79809K, committed 80448K, reserved 1179648K
  class space    used 10879K, committed 11200K, reserved 1048576K
}
Event: 4.049 GC heap after
{Heap after GC invocations=34 (full 0):
 garbage-first heap   total 130048K, used 67899K [0x0000000080000000, 0x0000000100000000)
  region size 1024K, 6 young (6144K), 6 survivors (6144K)
 Metaspace       used 79809K, committed 80448K, reserved 1179648K
  class space    used 10879K, committed 11200K, reserved 1048576K
}
Event: 4.054 GC heap before
{Heap before GC invocations=34 (full 0):
 garbage-first heap   total 130048K, used 68923K [0x0000000080000000, 0x0000000100000000)
  region size 1024K, 7 young (7168K), 6 survivors (6144K)
 Metaspace       used 79885K, committed 80512K, reserved 1179648K
  class space    used 10891K, committed 11200K, reserved 1048576K
}
Event: 4.057 GC heap after
{Heap after GC invocations=35 (full 0):
 garbage-first heap   total 130048K, used 68278K [0x0000000080000000, 0x0000000100000000)
  region size 1024K, 1 young (1024K), 1 survivors (1024K)
 Metaspace       used 79885K, committed 80512K, reserved 1179648K
  class space    used 10891K, committed 11200K, reserved 1048576K
}
Event: 4.265 GC heap before
{Heap before GC invocations=35 (full 0):
 garbage-first heap   total 130048K, used 105142K [0x0000000080000000, 0x0000000100000000)
  region size 1024K, 37 young (37888K), 1 survivors (1024K)
 Metaspace       used 83456K, committed 84096K, reserved 1179648K
  class space    used 11392K, committed 11712K, reserved 1048576K
}
Event: 4.266 GC heap after
{Heap after GC invocations=36 (full 0):
 garbage-first heap   total 130048K, used 70027K [0x0000000080000000, 0x0000000100000000)
  region size 1024K, 3 young (3072K), 3 survivors (3072K)
 Metaspace       used 83456K, committed 84096K, reserved 1179648K
  class space    used 11392K, committed 11712K, reserved 1048576K
}
Event: 4.465 GC heap before
{Heap before GC invocations=37 (full 0):
 garbage-first heap   total 130048K, used 105867K [0x0000000080000000, 0x0000000100000000)
  region size 1024K, 38 young (38912K), 3 survivors (3072K)
 Metaspace       used 86220K, committed 86784K, reserved 1179648K
  class space    used 11875K, committed 12160K, reserved 1048576K
}
Event: 4.467 GC heap after
{Heap after GC invocations=38 (full 0):
 garbage-first heap   total 130048K, used 73702K [0x0000000080000000, 0x0000000100000000)
  region size 1024K, 5 young (5120K), 5 survivors (5120K)
 Metaspace       used 86220K, committed 86784K, reserved 1179648K
  class space    used 11875K, committed 12160K, reserved 1048576K
}
Event: 4.546 GC heap before
{Heap before GC invocations=38 (full 0):
 garbage-first heap   total 130048K, used 106470K [0x0000000080000000, 0x0000000100000000)
  region size 1024K, 38 young (38912K), 5 survivors (5120K)
 Metaspace       used 87180K, committed 87808K, reserved 1179648K
  class space    used 12035K, committed 12352K, reserved 1048576K
}

