# JRE version: OpenJDK Runtime Environment (17.0.11) (build 17.0.11+0--11852314)
# Java VM: OpenJDK 64-Bit Server VM (17.0.11+0--11852314, mixed mode, tiered, compressed oops, compressed class ptrs, g1 gc, windows-amd64)
GC Precious Log:
 CPUs: 20 total, 20 available
 Memory: 16125M
 Large Page Support: Disabled
 NUMA Support: Disabled
 Compressed Oops: Enabled (32-bit)
 Heap Region Size: 1M
 Heap Min Capacity: 8M
 Heap Initial Capacity: 252M
 Heap Max Capacity: 2G
 Pre-touch: Disabled
 Parallel Workers: 15
 Concurrent Workers: 4
 Concurrent Refinement Workers: 15
 Periodic GC: Disabled
Heap:
 garbage-first heap   total 190464K, used 95659K [0x0000000080000000, 0x0000000100000000)
  region size 1024K, 16 young (16384K), 7 survivors (7168K)
 Metaspace       used 103029K, committed 103680K, reserved 1179648K
  class space    used 13944K, committed 14272K, reserved 1048576K
GC Heap History (20 events):
Event: 5.358 GC heap before
{Heap before GC invocations=38 (full 0):
 garbage-first heap   total 149504K, used 117078K [0x0000000080000000, 0x0000000100000000)
  region size 1024K, 54 young (55296K), 7 survivors (7168K)
 Metaspace       used 86670K, committed 87296K, reserved 1179648K
  class space    used 11829K, committed 12096K, reserved 1048576K
}
Event: 5.360 GC heap after
{Heap after GC invocations=39 (full 0):
 garbage-first heap   total 149504K, used 71381K [0x0000000080000000, 0x0000000100000000)
  region size 1024K, 6 young (6144K), 6 survivors (6144K)
 Metaspace       used 86670K, committed 87296K, reserved 1179648K
  class space    used 11829K, committed 12096K, reserved 1048576K
}
Event: 5.634 GC heap before
{Heap before GC invocations=39 (full 0):
 garbage-first heap   total 149504K, used 118485K [0x0000000080000000, 0x0000000100000000)
  region size 1024K, 53 young (54272K), 6 survivors (6144K)
 Metaspace       used 91035K, committed 91712K, reserved 1179648K
  class space    used 12496K, committed 12800K, reserved 1048576K
}
Event: 5.637 GC heap after
{Heap after GC invocations=40 (full 0):
 garbage-first heap   total 149504K, used 75503K [0x0000000080000000, 0x0000000100000000)
  region size 1024K, 7 young (7168K), 7 survivors (7168K)
 Metaspace       used 91035K, committed 91712K, reserved 1179648K
  class space    used 12496K, committed 12800K, reserved 1048576K
}
Event: 5.637 GC heap before
{Heap before GC invocations=40 (full 0):
 garbage-first heap   total 149504K, used 75503K [0x0000000080000000, 0x0000000100000000)
  region size 1024K, 8 young (8192K), 7 survivors (7168K)
 Metaspace       used 91035K, committed 91712K, reserved 1179648K
  class space    used 12496K, committed 12800K, reserved 1048576K
}
Event: 5.639 GC heap after
{Heap after GC invocations=41 (full 0):
 garbage-first heap   total 149504K, used 75367K [0x0000000080000000, 0x0000000100000000)
  region size 1024K, 1 young (1024K), 1 survivors (1024K)
 Metaspace       used 91035K, committed 91712K, reserved 1179648K
  class space    used 12496K, committed 12800K, reserved 1048576K
}
Event: 5.890 GC heap before
{Heap before GC invocations=42 (full 0):
 garbage-first heap   total 149504K, used 113255K [0x0000000080000000, 0x0000000100000000)
  region size 1024K, 34 young (34816K), 1 survivors (1024K)
 Metaspace       used 94461K, committed 95040K, reserved 1179648K
  class space    used 12896K, committed 13184K, reserved 1048576K
}
Event: 5.891 GC heap after
{Heap after GC invocations=43 (full 0):
 garbage-first heap   total 149504K, used 77633K [0x0000000080000000, 0x0000000100000000)
  region size 1024K, 3 young (3072K), 3 survivors (3072K)
 Metaspace       used 94461K, committed 95040K, reserved 1179648K
  class space    used 12896K, committed 13184K, reserved 1048576K
}
Event: 5.899 GC heap before
{Heap before GC invocations=43 (full 0):
 garbage-first heap   total 149504K, used 80705K [0x0000000080000000, 0x0000000100000000)
  region size 1024K, 7 young (7168K), 3 survivors (3072K)
 Metaspace       used 94560K, committed 95168K, reserved 1179648K
  class space    used 12906K, committed 13184K, reserved 1048576K
}
Event: 5.900 GC heap after
{Heap after GC invocations=44 (full 0):
 garbage-first heap   total 149504K, used 77869K [0x0000000080000000, 0x0000000100000000)
  region size 1024K, 1 young (1024K), 1 survivors (1024K)
 Metaspace       used 94560K, committed 95168K, reserved 1179648K
  class space    used 12906K, committed 13184K, reserved 1048576K
}
Event: 5.961 GC heap before
{Heap before GC invocations=44 (full 0):
 garbage-first heap   total 149504K, used 111661K [0x0000000080000000, 0x0000000100000000)
  region size 1024K, 35 young (35840K), 1 survivors (1024K)
 Metaspace       used 94928K, committed 95552K, reserved 1179648K
  class space    used 12948K, committed 13248K, reserved 1048576K
}
Event: 5.962 GC heap after
{Heap after GC invocations=45 (full 0):
 garbage-first heap   total 149504K, used 79641K [0x0000000080000000, 0x0000000100000000)
  region size 1024K, 3 young (3072K), 3 survivors (3072K)
 Metaspace       used 94928K, committed 95552K, reserved 1179648K
  class space    used 12948K, committed 13248K, reserved 1048576K
}
Event: 6.082 GC heap before
{Heap before GC invocations=46 (full 0):
 garbage-first heap   total 149504K, used 113433K [0x0000000080000000, 0x0000000100000000)
  region size 1024K, 37 young (37888K), 3 survivors (3072K)
 Metaspace       used 95378K, committed 96000K, reserved 1179648K
  class space    used 12981K, committed 13312K, reserved 1048576K
}
Event: 6.083 GC heap after
{Heap after GC invocations=47 (full 0):
 garbage-first heap   total 149504K, used 82511K [0x0000000080000000, 0x0000000100000000)
  region size 1024K, 5 young (5120K), 5 survivors (5120K)
 Metaspace       used 95378K, committed 96000K, reserved 1179648K
  class space    used 12981K, committed 13312K, reserved 1048576K
}
Event: 6.099 GC heap before
{Heap before GC invocations=47 (full 0):
 garbage-first heap   total 149504K, used 84559K [0x0000000080000000, 0x0000000100000000)
  region size 1024K, 7 young (7168K), 5 survivors (5120K)
 Metaspace       used 95399K, committed 96000K, reserved 1179648K
  class space    used 12981K, committed 13312K, reserved 1048576K
}
Event: 6.101 GC heap after
{Heap after GC invocations=48 (full 0):
 garbage-first heap   total 149504K, used 83036K [0x0000000080000000, 0x0000000100000000)
  region size 1024K, 1 young (1024K), 1 survivors (1024K)
 Metaspace       used 95399K, committed 96000K, reserved 1179648K
  class space    used 12981K, committed 13312K, reserved 1048576K
}
Event: 6.205 GC heap before
{Heap before GC invocations=48 (full 0):
 garbage-first heap   total 149504K, used 116828K [0x0000000080000000, 0x0000000100000000)
  region size 1024K, 35 young (35840K), 1 survivors (1024K)
 Metaspace       used 96404K, committed 97088K, reserved 1179648K
  class space    used 13095K, committed 13440K, reserved 1048576K
}
Event: 6.206 GC heap after
{Heap after GC invocations=49 (full 0):
 garbage-first heap   total 190464K, used 84619K [0x0000000080000000, 0x0000000100000000)
  region size 1024K, 3 young (3072K), 3 survivors (3072K)
 Metaspace       used 96404K, committed 97088K, reserved 1179648K
  class space    used 13095K, committed 13440K, reserved 1048576K
}
Event: 6.589 GC heap before
{Heap before GC invocations=50 (full 0):
 garbage-first heap   total 190464K, used 145035K [0x0000000080000000, 0x0000000100000000)
  region size 1024K, 63 young (64512K), 3 survivors (3072K)
 Metaspace       used 102702K, committed 103360K, reserved 1179648K
  class space    used 13881K, committed 14208K, reserved 1048576K
}
Event: 6.592 GC heap after
{Heap after GC invocations=51 (full 0):
 garbage-first heap   total 190464K, used 88491K [0x0000000080000000, 0x0000000100000000)
  region size 1024K, 7 young (7168K), 7 survivors (7168K)
 Metaspace       used 102702K, committed 103360K, reserved 1179648K
  class space    used 13881K, committed 14208K, reserved 1048576K
}

